TN:
SF:/Users/Penthious/projects/react.dev/resources/assets/js/Search.jsx
FN:7,Search
FN:33,(anonymous_14)
FN:36,(anonymous_15)
FNF:3
FNH:3
FNDA:3,Search
FNDA:84,(anonymous_14)
FNDA:65,(anonymous_15)
DA:1,1
DA:2,1
DA:4,1
DA:7,9
DA:9,3
DA:12,3
DA:15,0
DA:18,1
DA:20,4
DA:21,4
DA:33,84
DA:36,65
LF:12
LH:11
BRDA:7,1,0,3
BRDA:7,1,1,0
BRF:2
BRH:1
end_of_record
TN:
SF:/Users/Penthious/projects/react.dev/resources/assets/js/ShowCard.jsx
FN:3,ShowCard
FNF:1
FNH:1
FNDA:23,ShowCard
DA:1,1
DA:3,23
DA:17,1
DA:19,1
LF:4
LH:4
BRF:0
BRH:0
end_of_record
